\BOOKMARK [1][]{section.1}{\376\377\000\332\000v\000o\000d}{}
\BOOKMARK [2][]{subsection.1.1}{\376\377\000A\000u\000t\000o\000r\000i}{section.1}
\BOOKMARK [2][]{subsection.1.2}{\376\377\000T\000e\000s\000t\000o\000v\000a\000c\000i\000e\000\040\000p\000r\000o\000s\000t\000r\000e\000d\000i\000e}{section.1}
\BOOKMARK [2][]{subsection.1.3}{\376\377\000V\000a\000l\000i\000d\000i\000t\000a}{section.1}
\BOOKMARK [2][]{subsection.1.4}{\376\377\000Z\000a\000d\000a\000n\000i\000e}{section.1}
\BOOKMARK [2][]{subsection.1.5}{\376\377\000C\000i\000e\000l\000e\000\040\000p\000r\000o\000j\000e\000k\000t\000u}{section.1}
\BOOKMARK [1][]{section.2}{\376\377\000R\000o\000z\000b\000e\000r\000\040\000t\000\351\000m\000y\000\040\000a\000\040\000p\000o\000u\001\176\000i\000t\000\375\000c\000h\000\040\000t\000e\000c\000h\000n\000o\000l\000\363\000g\000i\000\355}{}
\BOOKMARK [2][]{subsection.2.1}{\376\377\000P\000o\000p\000i\000s\000\040\000p\000o\000u\001\176\000i\000t\000\375\000c\000h\000\040\000p\000o\000s\000t\000u\000p\000o\000v}{section.2}
\BOOKMARK [2][]{subsection.2.2}{\376\377\000P\000\364\000v\000o\000d\000\040\000p\000o\000u\001\176\000i\000t\000\375\000c\000h\000\040\000t\000e\000c\000h\000n\000o\000l\000\363\000g\000i\000\355}{section.2}
\BOOKMARK [2][]{subsection.2.3}{\376\377\000V\000o\000l\000e\000b\000n\000\375\000\040\000s\000y\000s\000t\000\351\000m\000\040\000v\000\040\001\014\000e\000s\000k\000e\000j\000\040\000r\000e\000p\000u\000b\000l\000i\000k\000e}{section.2}
\BOOKMARK [1][]{section.3}{\376\377\000K\000o\000n\000c\000e\000p\000c\000e\000\040\000-\000\040\000m\000o\000d\000e\000l\000\341\001\131\000s\000k\000a\000\040\000t\000\351\000m\000a\000t\000a}{}
\BOOKMARK [2][]{subsection.3.1}{\376\377\000O\000p\000i\000s\000\040\000k\000o\000n\000c\000e\000p\000t\000u\000\341\000l\000n\000e\000h\000o\000\040\000m\000o\000d\000e\000l\000u}{section.3}
\BOOKMARK [2][]{subsection.3.2}{\376\377\000F\000o\000r\000m\000a\000\040\000k\000o\000n\000c\000e\000p\000t\000u\000\341\000l\000n\000e\000h\000o\000\040\000m\000o\000d\000e\000l\000u}{section.3}
\BOOKMARK [2][]{subsection.3.3}{\376\377\000I\000m\000p\000l\000e\000m\000e\000n\000t\000\341\000c\000i\000a}{section.3}
\BOOKMARK [1][]{section.4}{\376\377\000A\000r\000c\000h\000i\000t\000e\000k\000t\000u\000r\000a\000\040\000s\000i\000m\000u\000l\000a\001\015\000n\000\355\000h\000o\000\040\000m\000o\000d\000e\000l\000u}{}
\BOOKMARK [2][]{subsection.4.1}{\376\377\000P\000o\000p\000i\000s\000\040\000a\000r\000c\000h\000i\000t\000e\000k\000t\000u\000r\000y}{section.4}
\BOOKMARK [1][]{section.5}{\376\377\000P\000o\000d\000s\000t\000a\000t\000a\000\040\000s\000i\000m\000u\000l\000a\001\015\000n\000\375\000c\000h\000\040\000e\000x\000p\000e\000r\000i\000m\000e\000n\000t\000o\000v}{}
\BOOKMARK [2][]{subsection.5.1}{\376\377\000P\000o\000s\000t\000u\000p\000\040\000e\000x\000p\000e\000r\000i\000m\000e\000n\000t\000o\000v\000\341\000n\000\355}{section.5}
\BOOKMARK [2][]{subsection.5.2}{\376\377\000a\000s\000i\000\040\000t\000e\000s\000t\000y\000.\000.\000.\000a\000l\000e\000\040\000p\000o\000d\000\355\000v\000e\000j\000\040\000s\000e\000\040\000n\000a\000\040\000t\000o\000.\000.\000.\000k\000d\000y\001\176\000\040\000t\000a\000k\000\040\000t\000o\000\040\000d\000\341\000m\000e\000\040\000d\000o\000\040\000p\000r\000y\001\015}{section.5}
\BOOKMARK [2][]{subsection.5.3}{\376\377\000P\000o\000p\000i\000s\000\040\000e\000x\000p\000e\000r\000i\000m\000e\000n\000t\001\157}{section.5}
\BOOKMARK [2][]{subsection.5.4}{\376\377\000Z\000\341\000v\001\033\000r\000\040\000e\000x\000p\000e\000r\000i\000m\000e\000n\000t\001\157}{section.5}
\BOOKMARK [1][]{section.6}{\376\377\000Z\000h\000r\000n\000u\000t\000i\000e\000\040\000s\000i\000m\000u\000l\000a\001\015\000n\000\375\000c\000h\000\040\000e\000x\000p\000e\000r\000i\000m\000e\000n\000t\000o\000v\000\040\000a\000\040\000z\000\341\000v\000e\000r}{}
\BOOKMARK [1][]{section.7}{\376\377\000R\000e\000f\000e\000r\000e\000n\000c\000i\000e}{}
